<?xml version="1.0" encoding="UTF-8"?>
<!-- Generated by org.testng.reporters.JUnitReportReporter -->
<testsuite skipped="0" hostname="SRMRILAP" name="com.qa.testscripts.TC_Amazon_01" tests="3" failures="0" timestamp="2021-05-05T13:07:20 IST" time="22.574" errors="0">
  <testcase name="SearchProduct" time="8.252" classname="com.qa.testscripts.TC_Amazon_01"/>
  <system-out>
The Da Vinci Code: (Robert Langdon Book 2) ₹312 The Da Vinci Code (Abridged Edition) ₹129 DA VINCI CODE ₹0 The Robert Langdon Collection by Dan Brown: Inferno/The Lost Symbol/The Da Vinci Code/Angels & Demons ₹363 Robert Langdon Series Collection 7 Books Set By Dan Brown (Angels And Demons, The Da Vinci Code, The Lost Symbol, Inferno, Origin, Digital Fortress, Deception Point) ₹228 The Da Vinci Code ₹430 Davinci Code ₹2,099 The Da Vinci Code Mysteries: What the Movie Doesn't Tell You ₹265 101 Witty Stories Of Akbar and Birbal - Collection Of Humorous Stories For Kids ₹0 Hungry Gods ₹195 Unveiling the Da Vinci Code: The Mystery of the Da Vinci Code Revealed, a Christian Perspective ₹570 The Da Vinci Code ₹429 The Da Vinci Code: From Dan Brown’s Fiction to Mary Magdalene’s Faith ₹238 Fact and Fiction in "The Da Vinci Code" ₹350 THE DA VINCI CODE : A QUEST FOR ANSWERS (HINDI) ₹1,429 DaVinci's Code EXPOSED: The Truth About Desposynism and the Family of Jesus Christ ₹972  </system-out>
  <testcase name="SearchProduct" time="7.221" classname="com.qa.testscripts.TC_Amazon_01"/>
  <system-out>
Samsung Galaxy M31 (Ocean Blue, 6GB RAM, 128GB Storage) ₹13,999 New Apple iPhone 12 Mini (128GB) - White ₹63,999 Samsung Galaxy M12 (Blue,6GB RAM, 128GB Storage) 6000 mAh with 8nm Processor | True 48 MP Quad Camera | 90Hz Refresh Rate ₹12,499 Redmi 9A (Nature Green, 2GB Ram, 32GB Storage) | 2GHz Octa-core Helio G25 Processor ₹6,799 Oppo A31 (Fantasy White, 6GB RAM, 128GB Storage) with No Cost EMI/Additional Exchange Offers ₹10,990 Redmi 9 (Sky Blue, 4GB RAM, 64GB Storage)| 5000 mAh| 2.3GHz Mediatek Helio G35 Octa core Processor ₹8,499 Vaya Phone Stand for Mobiles Tablets & E-reader Devices | Multi-angle rotation for flexibility | Comfortable for watching movies n attending zoom calls on phone | Color- Black | Perfect Valentine Gift ₹490 Vivo Y91i (Ocean Blue, 3GB RAM, 32GB Storage) with No Cost EMI/Additional Exchange Offers ₹7,990 Samsung Guru Music 2 (Gold) ₹1,950 Samsung Galaxy M21 (Midnight Blue, 4GB RAM, 64GB Storage) ₹12,499 Oppo A31 (Mystery Black, 6GB RAM, 128GB Storage) with No Cost EMI/Additional Exchange Offers ₹10,990 Nokia 225 4G Dual SIM Feature Phone with Long Battery Life, Camera, Multiplayer Games, and Premium Finish – Black Colour ₹3,617 Samsung Galaxy M31 (Ocean Blue, 6GB RAM, 128GB Storage) ₹13,999 Samsung Galaxy M21 (Raven Black, 6GB RAM, 128GB Storage) ₹14,499 Mi 11X 5G Cosmic Black 6GB RAM 128GB ROM|SD 870|DisplayMate A+ rated E4 AMOLED |HDFC Cashback Upto 3500|NCEMI upto 12 Months| ₹29,999 Mi 11X Pro 5G (Lunar White, 8GB RAM, 128GB Storage) | Upto INR 4000 Off on HDFC Bank Cards and EMI | Upto 12 Months No Cost EMI ₹39,999  </system-out>
  <testcase name="SearchProduct" time="7.101" classname="com.qa.testscripts.TC_Amazon_01"/>
  <system-out>
Crystal Wooden Art Original Sheesham Wooden Coffee Table with Drawers | Stylish and Elegant Coffee Table | Natural Finish ₹10,000 LowCost Furniture Sheesham Solid Wood Coffee Table | Coffee Tables Wooden | Coffee Table for Living Room | Finish Color - Natural Teak ₹17,999 LowCost Furniture Sheesham Wooden Console Table | Console Tables for Living Room | Study Table for Kids | Study Table for Adults | Natural Brown Finish ₹12,000 DECORVAIZ Marvelous Look Premium Wooden Folding Side Table | Coffee Table | End Table - (12 Inch) ₹355 DECORVAIZ Wooden Royal Look Beautiful Folding Side | Coffee | End | Table - (12 INCH) ₹388 DECORVAIZ Wooden Royal Look Beautiful Folding Side | Coffee | End | Table - (12 INCH) ₹378 Ultimate Twist® Round Beautiful Wooden Folding Stool Foldable Stool for Office, Kitchen & Home Décor Wooden Folding Table - (12INCH) ₹299 GIZGA essentials Multipurpose Wooden Foldable Bed Table - Laptop Table for Reading/Eating/Study Table/Craftwork (Wenge) ₹999 SZHC Beautiful Antique Wooden Folding Side Table (Brown) ₹399 classic shoppee ABE Handicrafts Wooden Matte Handcrafted Square Antique Finish Folding Stool for Living Room (Dark Brown, 12" inch) ₹372 Heritage wood crafts Antique Folding End Table-8*8*8 inches(L*W*H) (Wood; Glossy, Brown) ₹450 Sk Handicrafts sk handicraft Wooden Square Folding Side Table/Coffee and Outdoor Table for and Living Room 12 inch (Brown) ₹399 Amazon Brand - Solimo Sienna Solid Sheesham Wood Contemporary Coffee Table (Teak Finish) ₹5,099 BLUEWUD Victor Engineered Wood Coffee Table/Centre Table with Shelves (Wenge) ₹3,649 BLUEWUD Leo Engineered Wood Coffee Table/Centre Table with Shelves (Wenge) ₹3,749 UHUD CRAFTSBeautiful Antique Wooden Foldable Side Table/End Table/Stool Living Room Kids Play Furniture Table Square Shape ₹249  </system-out>
</testsuite> <!-- com.qa.testscripts.TC_Amazon_01 -->
